<?xml version="1.0" encoding="UTF-8"?>
<!-- Generated by org.testng.reporters.JUnitReportReporter -->
<testsuite hostname="Kishore" failures="0" tests="9" name="com.testRunner.Runner" time="135.402" errors="0" timestamp="2025-02-26T17:01:25 IST" skipped="0">
  <testcase classname="com.testRunner.Runner" name="runScenario" time="18.138"/>
  <testcase classname="com.testRunner.Runner" name="runScenario" time="7.060"/>
  <testcase classname="com.testRunner.Runner" name="runScenario" time="16.541"/>
  <testcase classname="com.testRunner.Runner" name="runScenario" time="6.501"/>
  <testcase classname="com.testRunner.Runner" name="runScenario" time="5.989"/>
  <testcase classname="com.testRunner.Runner" name="runScenario" time="7.116"/>
  <testcase classname="com.testRunner.Runner" name="runScenario" time="42.612"/>
  <testcase classname="com.testRunner.Runner" name="runScenario" time="5.900"/>
  <testcase classname="com.testRunner.Runner" name="runScenario" time="25.545"/>
</testsuite> <!-- com.testRunner.Runner -->
