<?xml version="1.0" encoding="UTF-8"?>
<!-- Generated by org.testng.reporters.JUnitReportReporter -->
<testsuite hostname="Kishore" failures="0" tests="1" name="com.hooks.Hooks" time="4.437" errors="0" timestamp="2025-02-24T20:50:36 IST" skipped="0">
  <testcase classname="com.hooks.Hooks" name="launchingApplication" time="4.437"/>
</testsuite> <!-- com.hooks.Hooks -->
