<?xml version="1.0" encoding="UTF-8"?>
<!-- Generated by org.testng.reporters.JUnitReportReporter -->
<testsuite hostname="Kishore" failures="0" tests="1" name="com.base.Library" time="3.453" errors="0" timestamp="2025-02-21T14:36:40 IST" skipped="0">
  <testcase classname="com.base.Library" name="launchingApplication" time="3.453"/>
</testsuite> <!-- com.base.Library -->
