<?xml version="1.0" encoding="UTF-8"?>
<!-- Generated by org.testng.reporters.JUnitReportReporter -->
<testsuite hostname="Kishore" failures="0" tests="9" name="com.testRunner.Runner" time="167.495" errors="0" timestamp="2025-03-06T14:05:44 IST" skipped="0">
  <testcase classname="com.testRunner.Runner" name="runScenario" time="30.877"/>
  <testcase classname="com.testRunner.Runner" name="runScenario" time="18.900"/>
  <testcase classname="com.testRunner.Runner" name="runScenario" time="6.391"/>
  <testcase classname="com.testRunner.Runner" name="runScenario" time="18.285"/>
  <testcase classname="com.testRunner.Runner" name="runScenario" time="6.164"/>
  <testcase classname="com.testRunner.Runner" name="runScenario" time="20.752"/>
  <testcase classname="com.testRunner.Runner" name="runScenario" time="9.584"/>
  <testcase classname="com.testRunner.Runner" name="runScenario" time="6.174"/>
  <testcase classname="com.testRunner.Runner" name="runScenario" time="50.368"/>
</testsuite> <!-- com.testRunner.Runner -->
