<?xml version="1.0" encoding="UTF-8"?>
<!-- Generated by org.testng.reporters.JUnitReportReporter -->
<testsuite hostname="Kishore" failures="0" tests="9" name="com.testRunner.Runner" time="159.347" errors="0" timestamp="2025-03-06T15:44:03 IST" skipped="0">
  <testcase classname="com.testRunner.Runner" name="runScenario" time="28.247"/>
  <testcase classname="com.testRunner.Runner" name="runScenario" time="60.960"/>
  <testcase classname="com.testRunner.Runner" name="runScenario" time="18.898"/>
  <testcase classname="com.testRunner.Runner" name="runScenario" time="19.979"/>
  <testcase classname="com.testRunner.Runner" name="runScenario" time="5.898"/>
  <testcase classname="com.testRunner.Runner" name="runScenario" time="7.005"/>
  <testcase classname="com.testRunner.Runner" name="runScenario" time="6.066"/>
  <testcase classname="com.testRunner.Runner" name="runScenario" time="5.990"/>
  <testcase classname="com.testRunner.Runner" name="runScenario" time="6.304"/>
</testsuite> <!-- com.testRunner.Runner -->
